Loading from CS1148Data.csv
Error: Course not found: GBUS 7348
Error: Course not found: GBUS 7402
Error: Course not found: GBUS 8009
Error: Course not found: GBUS 8022
Error: Course not found: GBUS 8024
Error: Course not found: GBUS 8493
Error: Course not found: GBUS 8494
Error: Course not found: GDS 4559
Error: Course not found: HIUS 7653
Error: Course not found: ISHU 4171
Error: Course not found: PHIL 7501
Error: Course not found: PLAN 7400
Error: Course not found: PLAN 7710
Error: Course not found: PSYC 9502
Error: Course not found: PSYC 9502
Error: Course not found: PSYC 9502
Error: Course not found: SARC 8120
Error: Course not found: UNST 2810
Error: Course not found: UNST 2810
Finished CS1148Data.csv in 1.61 minutes
Adding Descriptions - Total Runtime: 1.61 minutes
