Loading from CS1158Data.csv
Error: Course not found: ANTH 2541
Error: Course not found: ARH 9580
Error: Course not found: ARTR 3559
Error: Course not found: BME 1501
Error: Course not found: BME 1501
Error: Course not found: CHEM 3240
Error: Course not found: CLAS 4993
Error: Course not found: DRAM 4993
Error: Course not found: DRAM 4993
Error: Course not found: EDIS 5870
Error: Course not found: EDIS 5870
Error: Course not found: EDIS 5870
Error: Course not found: EDLF 7420
Error: Course not found: EDLF 8810
Error: Course not found: EDLF 8822
Error: Course not found: ENMD 5559
Error: Course not found: ENRN 5559
Error: Course not found: FREN 3028
Error: Course not found: GBUS 7260
Error: Course not found: GBUS 7348
Error: Course not found: GBUS 7353
Error: Course not found: GBUS 7402
Error: Course not found: GBUS 7901
Error: Course not found: GBUS 7901
Error: Course not found: GBUS 8009
Error: Course not found: GBUS 8022
Error: Course not found: GBUS 8024
Error: Course not found: GBUS 8493
Error: Course not found: GBUS 8494
Error: Course not found: GBUS 8496
Error: Course not found: GBUS 8633
Error: Course not found: GNUR 5010
Error: Course not found: GNUR 5010
Error: Course not found: GNUR 8240
Error: Course not found: HIEA 9021
Error: Course not found: HIEA 9022
Error: Course not found: HIEA 9023
Error: Course not found: HIEU 9021
Error: Course not found: HIEU 9022
Error: Course not found: HIEU 9023
Error: Course not found: HIEU 9024
Error: Course not found: HIEU 9025
Error: Course not found: HIEU 9026
Error: Course not found: HIEU 9027
Error: Course not found: HIEU 9028
Error: Course not found: HIEU 9029
Error: Course not found: HIEU 9030
Error: Course not found: HIST 9021
Error: Course not found: HIST 9022
Error: Course not found: HIST 9023
Error: Course not found: HIST 9024
Error: Course not found: HIST 9025
Error: Course not found: HIUS 9021
Error: Course not found: HIUS 9022
Error: Course not found: HIUS 9023
Error: Course not found: INST 1605
Error: Course not found: INST 3600
Error: Course not found: ISGE 3700
Error: Course not found: ISLS 3620
Error: Course not found: ISSS 3887
Error: Course not found: ISSS 4010
Error: Course not found: KINE 5270
Error: Course not found: LAW 7142
Error: Course not found: LAW 7740
Error: Course not found: LAW 9237
Error: Course not found: LAW 9238
Error: Course not found: LAW 9239
Error: Course not found: LAW 9240
Error: Course not found: LAW 9241
Error: Course not found: LAW 9242
Error: Course not found: LAW 9243
Error: Course not found: LAW 9244
Error: Course not found: LAW 9245
Error: Course not found: LAW 9246
Error: Course not found: LAW 9254
Error: Course not found: LAW 9257
Error: Course not found: LAW 9500
Error: Course not found: MED 7751
Error: Course not found: MUPF 3950
Error: Course not found: MUPF 3950
Error: Course not found: NCFA 148
Error: Course not found: NCFA 149
Error: Course not found: NCFA 150
Error: Course not found: NCPD 129
Error: Course not found: NCPD 130
Error: Course not found: NCPH 110
Error: Course not found: NCSS 129
Error: Course not found: NCTH 114
Error: Course not found: PHYS 1660
Error: Course not found: PSHM 3010
Error: Course not found: PSHM 3050
Error: Course not found: RELG 4800
Error: Course not found: SPTR 3559
Error: Course not found: SPTR 3559
Error: Course not found: SPTR 3559
Error: Course not found: SPTR 3559
Error: Course not found: SPTR 3559
Finished CS1158Data.csv in 1.36 minutes
Loading from CS1152Data.csv
Error: Course not found: ANTH 3705
Error: Course not found: ARCH 7020
Error: Course not found: ARCY 4999
Error: Course not found: BIOL 4060
Error: Course not found: BIOL 4660
Error: Course not found: BIOL 4770
Error: Course not found: BIOP 8021
Error: Course not found: BIOP 8040
Error: Course not found: CLAS 4993
Error: Course not found: CLAS 4993
Error: Course not found: ECON 4195
Error: Course not found: EDHS 5995
Error: Course not found: EDHS 5995
Error: Course not found: EDHS 5995
Error: Course not found: EDHS 8982
Error: Course not found: EDHS 8982
Error: Course not found: EDHS 8982
Error: Course not found: EDHS 8982
Error: Course not found: EDHS 8982
Error: Course not found: EDIS 5011
Error: Course not found: EDIS 5011
Error: Course not found: EDIS 5409
Error: Course not found: ESL 920
Error: Course not found: ESL 920
Error: Course not found: ESL 921
Error: Course not found: FREN 3029
Error: Course not found: GBUS 7298
Error: Course not found: GBUS 7401
Error: Course not found: GBUS 8009
Error: Course not found: GBUS 8706
Error: Course not found: GNUR 8993
Error: Course not found: HIUS 7072
Error: Course not found: IHGC 3550
Error: Course not found: IHGC 7559
Error: Course not found: ISHU 3044
Error: Course not found: ISHU 3456
Error: Course not found: ISHU 3456
Error: Course not found: ITTR 3610
Error: Course not found: JWST 5292
Error: Course not found: KINE 4130
Error: Course not found: KINE 5120
Error: Course not found: LAW 7739
Error: Course not found: LAW 9236
Error: Course not found: LAW 9237
Error: Course not found: MDST 2660
Error: Course not found: MESA 3559
Error: Course not found: MEST 6620
Error: Course not found: NCAR 121
Error: Course not found: NCFA 147
Error: Course not found: NCPD 126
Error: Course not found: NCPD 127
Error: Course not found: NCPD 128
Error: Course not found: NCTH 113
Error: Course not found: NUIP 3030
Error: Course not found: NUIP 4993
Error: Course not found: PC 5200
Error: Course not found: PHS 3130
Error: Course not found: PHS 5451
Error: Course not found: PHSE 4500
Error: Course not found: PHSE 5960
Error: Course not found: PLAN 8030
Error: Course not found: PLAP 3270
Error: Course not found: PLAP 3270
Error: Course not found: PLAP 3270
Error: Course not found: PLAP 3270
Error: Course not found: PLAP 3270
Error: Course not found: PLAP 3270
Error: Course not found: PLAP 3270
Error: Course not found: PLAP 3270
Error: Course not found: PLAP 3270
Error: Course not found: PLAP 3270
Error: Course not found: PLAP 3270
Error: Course not found: PLAP 3270
Error: Course not found: PLAP 3270
Error: Course not found: PLAP 6500
Error: Course not found: PLPT 3610
Error: Course not found: PORT 4920
Error: Course not found: PSYC 9502
Error: Course not found: RELC 3715
Error: Course not found: RELG 3380
Error: Course not found: RELG 8205
Error: Course not found: SAST 1559
Error: Course not found: SLAV 2559
Error: Course not found: SOC 3440
Error: Course not found: SOC 3620
Error: Course not found: SOC 4740
Error: Course not found: SYS 2501
Error: Course not found: UNST 2811
Error: Course not found: UNST 2811
Error: Course not found: WGS 4110
Finished CS1152Data.csv in 1.47 minutes
Loading from CS1148Data.csv
